<?xml version="1.0" encoding="UTF-8"?>
<!-- Generated by org.testng.reporters.JUnitXMLReporter -->
<testsuite ignored="0" hostname="codespaces-e1c611" failures="1" tests="1" name="Account Tests" time="11.737" errors="0" timestamp="2026-09-08T17:55:35 UTC">
  <testcase classname="com.bank.tests.AccountTests" name="openSavingsAccount" time="0.227">
    <failure type="java.lang.AssertionError" message="Run CustomerTests.createCustomer first or hard-code a known ID expected object to not be null">
      <![CDATA[java.lang.AssertionError: Run CustomerTests.createCustomer first or hard-code a known ID expected object to not be null
at com.bank.tests.AccountTests.openSavingsAccount(AccountTests.java:19)
at java.base/java.util.ArrayList.forEach(ArrayList.java:1604)
... Removed 31 stack frames]]>
    </failure>
  </testcase> <!-- openSavingsAccount -->
</testsuite> <!-- Account Tests -->
