<?xml version="1.0" encoding="UTF-8"?>
<!-- Generated by org.testng.reporters.JUnitXMLReporter -->
<testsuite ignored="0" hostname="codespaces-e1c611" failures="5" tests="5" name="Transaction Tests" time="30.39" errors="0" timestamp="2026-09-08T17:56:05 UTC">
  <testcase classname="com.bank.tests.TransactionTests" name="depositAmount" time="0.26">
    <failure type="java.lang.AssertionError" message="Need an account ID from AccountTests expected object to not be null">
      <![CDATA[java.lang.AssertionError: Need an account ID from AccountTests expected object to not be null
at com.bank.tests.TransactionTests.depositAmount(TransactionTests.java:24)
at java.base/java.util.ArrayList.forEach(ArrayList.java:1604)
... Removed 31 stack frames]]>
    </failure>
  </testcase> <!-- depositAmount -->
  <testcase classname="com.bank.tests.TransactionTests" name="fundTransfer" time="1.601">
    <failure type="org.openqa.selenium.ElementClickInterceptedException" message="element click intercepted: Element &amp;lt;a href=&amp;quot;FundTransInput.php&amp;quot;&amp;gt;...&amp;lt;/a&amp;gt; is not clickable at point (120, 438). Other element would receive the click: &amp;lt;p class=&amp;quot;barone&amp;quot; style=&amp;quot;font-size:16px;font-weight:700;padding: 10px;background-color:#525252;margin-top:100px;&amp;quot;&amp;gt;...&amp;lt;/p&amp;gt;
  (Session info: chrome=152.0.7977.82)
Build info: version: &amp;apos;4.25.0&amp;apos;, revision: &amp;apos;8a8aea2337&amp;apos;
System info: os.name: &amp;apos;Linux&amp;apos;, os.arch: &amp;apos;amd64&amp;apos;, os.version: &amp;apos;6.8.0-1052-azure&amp;apos;, java.version: &amp;apos;25.0.4.1&amp;apos;
Driver info: org.openqa.selenium.chrome.ChromeDriver
Command: [4fb8cc30306c556e278900da32193f0e, clickElement {id=f.2D731276FF14B188C673A40991770796.d.16F8F2659F33FECB6888B14E5D8257D6.e.21}]
Capabilities {acceptInsecureCerts: false, browserName: chrome, browserVersion: 152.0.7977.82, chrome: {chromedriverVersion: 152.0.7977.82 (d04cdb24d67b..., userDataDir: /tmp/org.chromium.Chromium....}, fedcm:accounts: true, goog:chromeOptions: {debuggerAddress: localhost:39645}, goog:processID: 28479, networkConnectionEnabled: false, pageLoadStrategy: normal, platformName: linux, proxy: Proxy(), se:cdp: ws://localhost:39645/devtoo..., se:cdpVersion: 152.0.7977.82, setWindowRect: true, strictFileInteractability: false, timeouts: {implicit: 0, pageLoad: 300000, script: 30000}, unhandledPromptBehavior: dismiss and notify, webauthn:extension:credBlob: true, webauthn:extension:largeBlob: true, webauthn:extension:minPinLength: true, webauthn:extension:prf: true, webauthn:virtualAuthenticators: true}
Element: [[ChromeDriver: chrome on linux (4fb8cc30306c556e278900da32193f0e)] -&amp;gt; link text: Fund Transfer]
Session ID: 4fb8cc30306c556e278900da32193f0e">
      <![CDATA[org.openqa.selenium.ElementClickInterceptedException: element click intercepted: Element <a href="FundTransInput.php">...</a> is not clickable at point (120, 438). Other element would receive the click: <p class="barone" style="font-size:16px;font-weight:700;padding: 10px;background-color:#525252;margin-top:100px;">...</p>
  (Session info: chrome=152.0.7977.82)
Build info: version: '4.25.0', revision: '8a8aea2337'
System info: os.name: 'Linux', os.arch: 'amd64', os.version: '6.8.0-1052-azure', java.version: '25.0.4.1'
Driver info: org.openqa.selenium.chrome.ChromeDriver
Command: [4fb8cc30306c556e278900da32193f0e, clickElement {id=f.2D731276FF14B188C673A40991770796.d.16F8F2659F33FECB6888B14E5D8257D6.e.21}]
Capabilities {acceptInsecureCerts: false, browserName: chrome, browserVersion: 152.0.7977.82, chrome: {chromedriverVersion: 152.0.7977.82 (d04cdb24d67b..., userDataDir: /tmp/org.chromium.Chromium....}, fedcm:accounts: true, goog:chromeOptions: {debuggerAddress: localhost:39645}, goog:processID: 28479, networkConnectionEnabled: false, pageLoadStrategy: normal, platformName: linux, proxy: Proxy(), se:cdp: ws://localhost:39645/devtoo..., se:cdpVersion: 152.0.7977.82, setWindowRect: true, strictFileInteractability: false, timeouts: {implicit: 0, pageLoad: 300000, script: 30000}, unhandledPromptBehavior: dismiss and notify, webauthn:extension:credBlob: true, webauthn:extension:largeBlob: true, webauthn:extension:minPinLength: true, webauthn:extension:prf: true, webauthn:virtualAuthenticators: true}
Element: [[ChromeDriver: chrome on linux (4fb8cc30306c556e278900da32193f0e)] -> link text: Fund Transfer]
Session ID: 4fb8cc30306c556e278900da32193f0e
at org.openqa.selenium.remote.ErrorCodec.decode(ErrorCodec.java:167)
at org.openqa.selenium.remote.codec.w3c.W3CHttpResponseCodec.decode(W3CHttpResponseCodec.java:138)
at org.openqa.selenium.remote.codec.w3c.W3CHttpResponseCodec.decode(W3CHttpResponseCodec.java:50)
at org.openqa.selenium.remote.HttpCommandExecutor.execute(HttpCommandExecutor.java:190)
at org.openqa.selenium.remote.service.DriverCommandExecutor.invokeExecute(DriverCommandExecutor.java:216)
at org.openqa.selenium.remote.service.DriverCommandExecutor.execute(DriverCommandExecutor.java:174)
at org.openqa.selenium.remote.RemoteWebDriver.execute(RemoteWebDriver.java:545)
at org.openqa.selenium.remote.RemoteWebElement.execute(RemoteWebElement.java:223)
at org.openqa.selenium.remote.RemoteWebElement.click(RemoteWebElement.java:76)
at com.bank.framework.pages.HomePage.openFundTransfer(HomePage.java:43)
at com.bank.tests.TransactionTests.fundTransfer(TransactionTests.java:72)
at java.base/java.util.ArrayList.forEach(ArrayList.java:1604)
... Removed 32 stack frames]]>
    </failure>
  </testcase> <!-- fundTransfer -->
  <testcase classname="com.bank.tests.TransactionTests" name="miniStatement" time="0.223">
    <failure type="java.lang.AssertionError" message="Need an account ID from AccountTests expected object to not be null">
      <![CDATA[java.lang.AssertionError: Need an account ID from AccountTests expected object to not be null
at com.bank.tests.TransactionTests.miniStatement(TransactionTests.java:61)
at java.base/java.util.ArrayList.forEach(ArrayList.java:1604)
... Removed 31 stack frames]]>
    </failure>
  </testcase> <!-- miniStatement -->
  <testcase classname="com.bank.tests.TransactionTests" name="withdrawOverBalance" time="0.456">
    <failure type="java.lang.AssertionError" message="Need an account ID from AccountTests expected object to not be null">
      <![CDATA[java.lang.AssertionError: Need an account ID from AccountTests expected object to not be null
at com.bank.tests.TransactionTests.withdrawOverBalance(TransactionTests.java:48)
at java.base/java.util.ArrayList.forEach(ArrayList.java:1604)
... Removed 31 stack frames]]>
    </failure>
  </testcase> <!-- withdrawOverBalance -->
  <testcase classname="com.bank.tests.TransactionTests" name="withdrawValid" time="0.325">
    <failure type="java.lang.AssertionError" message="Need an account ID from AccountTests expected object to not be null">
      <![CDATA[java.lang.AssertionError: Need an account ID from AccountTests expected object to not be null
at com.bank.tests.TransactionTests.withdrawValid(TransactionTests.java:36)
at java.base/java.util.ArrayList.forEach(ArrayList.java:1604)
... Removed 31 stack frames]]>
    </failure>
  </testcase> <!-- withdrawValid -->
</testsuite> <!-- Transaction Tests -->
